02:29:33 **** Incremental Build of configuration Debug for project AHRS_UART ****
make -j2 all 
arm-none-eabi-gcc -o "AHRS_UART.elf" @"objects.list"   -mcpu=cortex-m4 -T"\\MAC\Home\Desktop\MQP\red_legs20\firmware\ahrs\AHRS_UART\AHRS_UART\STM32F429ZITX_FLASH.ld" --specs=nosys.specs -Wl,-Map="AHRS_UART.map" -Wl,--gc-sections -static --specs=nano.specs -mfpu=fpv4-sp-d16 -mfloat-abi=hard -mthumb -Wl,--start-group -lc -lm -Wl,--end-group
c:\st\stm32cubeide_1.3.0\stm32cubeide\plugins\com.st.stm32cube.ide.mcu.externaltools.gnu-tools-for-stm32.7-2018-q2-update.win32_1.0.0.201904181610\tools\arm-none-eabi\bin\ld.exe: cannot open linker script file \MAC\Home\Desktop\MQP\red_legs20\firmware\ahrs\AHRS_UART\AHRS_UART\STM32F429ZITX_FLASH.ld: No such file or directory
collect2.exe: error: ld returned 1 exit status
make: *** [makefile:44: AHRS_UART.elf] Error 1
"make -j2 all" terminated with exit code 2. Build might be incomplete.
